INFO [26 Apr 15:21:27]: DocBleachShell v0.0.2
INFO [26 Apr 15:21:27]: Copyright Joe Security
INFO [26 Apr 15:21:27]: www.joesecurity.org
INFO [26 Apr 15:21:27]: License: MIT
INFO [26 Apr 15:21:27]: Uninstall DocBleachShell
INFO [26 Apr 15:22:01]: DocBleachShell v0.0.2
INFO [26 Apr 15:22:01]: Copyright Joe Security
INFO [26 Apr 15:22:01]: www.joesecurity.org
INFO [26 Apr 15:22:01]: License: MIT
INFO [26 Apr 15:22:01]: Uninstall DocBleachShell
INFO [26 Apr 15:22:40]: DocBleachShell v0.0.2
INFO [26 Apr 15:22:40]: Copyright Joe Security
INFO [26 Apr 15:22:40]: www.joesecurity.org
INFO [26 Apr 15:22:40]: License: MIT
INFO [26 Apr 15:22:40]: Uninstall DocBleachShell
INFO [26 Apr 15:22:46]: Uninstalled
INFO [26 Apr 15:22:51]: DocBleachShell v0.0.2
INFO [26 Apr 15:22:51]: Copyright Joe Security
INFO [26 Apr 15:22:51]: www.joesecurity.org
INFO [26 Apr 15:22:51]: License: MIT
INFO [26 Apr 15:22:51]: Installing DocBleachShell
ERROR [26 Apr 15:22:51]: Unable to replace class: accountpicturefile
System.NullReferenceException: La référence d'objet n'est pas définie à une instance d'un objet.
   à DocBleachShell.DocBleachShell.Install() dans C:\Users\vinz\Source\Repos\DocBleachShell\DocBleachShell\DocBleachShell\DocBleachShell.cs:ligne 149
ERROR [26 Apr 15:22:51]: Unable to replace class: ApplicationContent
System.NullReferenceException: La référence d'objet n'est pas définie à une instance d'un objet.
   à DocBleachShell.DocBleachShell.Install() dans C:\Users\vinz\Source\Repos\DocBleachShell\DocBleachShell\DocBleachShell\DocBleachShell.cs:ligne 149
ERROR [26 Apr 15:22:51]: Unable to replace class: AppX04g0mbrz4mkc6e879rpf6qk6te730jfv
System.NullReferenceException: La référence d'objet n'est pas définie à une instance d'un objet.
   à DocBleachShell.DocBleachShell.Install() dans C:\Users\vinz\Source\Repos\DocBleachShell\DocBleachShell\DocBleachShell\DocBleachShell.cs:ligne 149
ERROR [26 Apr 15:22:51]: Unable to replace class: AppX0a117zp2nwhknfdna7edw00c7hzacwew
System.NullReferenceException: La référence d'objet n'est pas définie à une instance d'un objet.
   à DocBleachShell.DocBleachShell.Install() dans C:\Users\vinz\Source\Repos\DocBleachShell\DocBleachShell\DocBleachShell\DocBleachShell.cs:ligne 149
ERROR [26 Apr 15:22:51]: Unable to replace class: AppX0bs5a1ngrnny0q46fsy6hmk59bt4crpk
System.NullReferenceException: La référence d'objet n'est pas définie à une instance d'un objet.
   à DocBleachShell.DocBleachShell.Install() dans C:\Users\vinz\Source\Repos\DocBleachShell\DocBleachShell\DocBleachShell\DocBleachShell.cs:ligne 149
ERROR [26 Apr 15:22:51]: Unable to replace class: AppX0jr688mrddhm2gsn5y1q8jpx5tfsxk7s
System.NullReferenceException: La référence d'objet n'est pas définie à une instance d'un objet.
   à DocBleachShell.DocBleachShell.Install() dans C:\Users\vinz\Source\Repos\DocBleachShell\DocBleachShell\DocBleachShell\DocBleachShell.cs:ligne 149
ERROR [26 Apr 15:22:51]: Unable to replace class: AppX0resaq7r5ermbh4b96ke39yqc1atfhjr
System.NullReferenceException: La référence d'objet n'est pas définie à une instance d'un objet.
   à DocBleachShell.DocBleachShell.Install() dans C:\Users\vinz\Source\Repos\DocBleachShell\DocBleachShell\DocBleachShell\DocBleachShell.cs:ligne 149
ERROR [26 Apr 15:22:51]: Unable to replace class: AppX1f54ap5zgycfsxc8axv14xnrbc910px3
System.NullReferenceException: La référence d'objet n'est pas définie à une instance d'un objet.
   à DocBleachShell.DocBleachShell.Install() dans C:\Users\vinz\Source\Repos\DocBleachShell\DocBleachShell\DocBleachShell\DocBleachShell.cs:ligne 149
ERROR [26 Apr 15:22:51]: Unable to replace class: AppX1v43648r5mtqcc645b3tvj8s7ty0ahee
System.NullReferenceException: La référence d'objet n'est pas définie à une instance d'un objet.
   à DocBleachShell.DocBleachShell.Install() dans C:\Users\vinz\Source\Repos\DocBleachShell\DocBleachShell\DocBleachShell\DocBleachShell.cs:ligne 149
ERROR [26 Apr 15:22:51]: Unable to replace class: AppX1xw99kyszwtxv5qf8g56tffq1zv2sqvm
System.NullReferenceException: La référence d'objet n'est pas définie à une instance d'un objet.
   à DocBleachShell.DocBleachShell.Install() dans C:\Users\vinz\Source\Repos\DocBleachShell\DocBleachShell\DocBleachShell\DocBleachShell.cs:ligne 149
ERROR [26 Apr 15:22:51]: Unable to replace class: AppX20yvfpb997k1arm2zrk47711t71btw9j
System.NullReferenceException: La référence d'objet n'est pas définie à une instance d'un objet.
   à DocBleachShell.DocBleachShell.Install() dans C:\Users\vinz\Source\Repos\DocBleachShell\DocBleachShell\DocBleachShell\DocBleachShell.cs:ligne 149
ERROR [26 Apr 15:22:51]: Unable to replace class: AppX2f2yj5qb4vsszfjybb8jy9f15mp69zvj
System.NullReferenceException: La référence d'objet n'est pas définie à une instance d'un objet.
   à DocBleachShell.DocBleachShell.Install() dans C:\Users\vinz\Source\Repos\DocBleachShell\DocBleachShell\DocBleachShell\DocBleachShell.cs:ligne 149
ERROR [26 Apr 15:22:51]: Unable to replace class: AppX333jbhpaq2hjpyd097614409g4kz15cw
System.NullReferenceException: La référence d'objet n'est pas définie à une instance d'un objet.
   à DocBleachShell.DocBleachShell.Install() dans C:\Users\vinz\Source\Repos\DocBleachShell\DocBleachShell\DocBleachShell\DocBleachShell.cs:ligne 149
ERROR [26 Apr 15:22:51]: Unable to replace class: AppX33k30fsgmfhnzmk0nv1xqcwrsg1ehks1
System.NullReferenceException: La référence d'objet n'est pas définie à une instance d'un objet.
   à DocBleachShell.DocBleachShell.Install() dans C:\Users\vinz\Source\Repos\DocBleachShell\DocBleachShell\DocBleachShell\DocBleachShell.cs:ligne 149
ERROR [26 Apr 15:22:51]: Unable to replace class: AppX3cx04417ybaf9kz7fem54fc937697n6k
System.NullReferenceException: La référence d'objet n'est pas définie à une instance d'un objet.
   à DocBleachShell.DocBleachShell.Install() dans C:\Users\vinz\Source\Repos\DocBleachShell\DocBleachShell\DocBleachShell\DocBleachShell.cs:ligne 149
ERROR [26 Apr 15:22:51]: Unable to replace class: AppX3p914qnpgw4hwj856jw2y286v7d4qnzh
System.NullReferenceException: La référence d'objet n'est pas définie à une instance d'un objet.
   à DocBleachShell.DocBleachShell.Install() dans C:\Users\vinz\Source\Repos\DocBleachShell\DocBleachShell\DocBleachShell\DocBleachShell.cs:ligne 149
ERROR [26 Apr 15:22:51]: Unable to replace class: AppX40nx3azkcssh7ybcbzzjpgf1mg561cyz
System.NullReferenceException: La référence d'objet n'est pas définie à une instance d'un objet.
   à DocBleachShell.DocBleachShell.Install() dans C:\Users\vinz\Source\Repos\DocBleachShell\DocBleachShell\DocBleachShell\DocBleachShell.cs:ligne 149
ERROR [26 Apr 15:22:51]: Unable to replace class: AppX43hnxtbyyps62jhe9sqpdzxn1790zetc
System.NullReferenceException: La référence d'objet n'est pas définie à une instance d'un objet.
   à DocBleachShell.DocBleachShell.Install() dans C:\Users\vinz\Source\Repos\DocBleachShell\DocBleachShell\DocBleachShell\DocBleachShell.cs:ligne 149
ERROR [26 Apr 15:22:51]: Unable to replace class: AppX459h97t0fkhwc4qhs0anhhpxv8efrcqs
System.NullReferenceException: La référence d'objet n'est pas définie à une instance d'un objet.
   à DocBleachShell.DocBleachShell.Install() dans C:\Users\vinz\Source\Repos\DocBleachShell\DocBleachShell\DocBleachShell\DocBleachShell.cs:ligne 149
ERROR [26 Apr 15:22:51]: Unable to replace class: AppX47jwqdafzcxw9wm0mbb5cev2eav5b1je
System.NullReferenceException: La référence d'objet n'est pas définie à une instance d'un objet.
   à DocBleachShell.DocBleachShell.Install() dans C:\Users\vinz\Source\Repos\DocBleachShell\DocBleachShell\DocBleachShell\DocBleachShell.cs:ligne 149
ERROR [26 Apr 15:22:51]: Unable to replace class: AppX4j5v7692qeayhwcg2qhwgwbcdyrpwsc0
System.NullReferenceException: La référence d'objet n'est pas définie à une instance d'un objet.
   à DocBleachShell.DocBleachShell.Install() dans C:\Users\vinz\Source\Repos\DocBleachShell\DocBleachShell\DocBleachShell\DocBleachShell.cs:ligne 149
ERROR [26 Apr 15:22:51]: Unable to replace class: AppX4jb6ne914mtd0j2yqgzk8hep1vpwky74
System.NullReferenceException: La référence d'objet n'est pas définie à une instance d'un objet.
   à DocBleachShell.DocBleachShell.Install() dans C:\Users\vinz\Source\Repos\DocBleachShell\DocBleachShell\DocBleachShell\DocBleachShell.cs:ligne 149
ERROR [26 Apr 15:22:51]: Unable to replace class: AppX4jbzrhvphxte25e0gxha6bq555nrgqzy
System.NullReferenceException: La référence d'objet n'est pas définie à une instance d'un objet.
   à DocBleachShell.DocBleachShell.Install() dans C:\Users\vinz\Source\Repos\DocBleachShell\DocBleachShell\DocBleachShell\DocBleachShell.cs:ligne 149
ERROR [26 Apr 15:22:51]: Unable to replace class: AppX4qfj5jrj259psn161698pvjhwcyjrsq5
System.NullReferenceException: La référence d'objet n'est pas définie à une instance d'un objet.
   à DocBleachShell.DocBleachShell.Install() dans C:\Users\vinz\Source\Repos\DocBleachShell\DocBleachShell\DocBleachShell\DocBleachShell.cs:ligne 149
ERROR [26 Apr 15:22:51]: Unable to replace class: AppX4ra53nzs9xcdyxf1wgcp31xefscv1jnk
System.NullReferenceException: La référence d'objet n'est pas définie à une instance d'un objet.
   à DocBleachShell.DocBleachShell.Install() dans C:\Users\vinz\Source\Repos\DocBleachShell\DocBleachShell\DocBleachShell\DocBleachShell.cs:ligne 149
ERROR [26 Apr 15:22:51]: Unable to replace class: AppX54frttzj7sefht53rtz0kgtajfyr0rat
System.NullReferenceException: La référence d'objet n'est pas définie à une instance d'un objet.
   à DocBleachShell.DocBleachShell.Install() dans C:\Users\vinz\Source\Repos\DocBleachShell\DocBleachShell\DocBleachShell\DocBleachShell.cs:ligne 149
ERROR [26 Apr 15:22:51]: Unable to replace class: AppX5sy1gww9q4g2gt941cdxxd7s07xe5vph
System.NullReferenceException: La référence d'objet n'est pas définie à une instance d'un objet.
   à DocBleachShell.DocBleachShell.Install() dans C:\Users\vinz\Source\Repos\DocBleachShell\DocBleachShell\DocBleachShell\DocBleachShell.cs:ligne 149
ERROR [26 Apr 15:22:51]: Unable to replace class: AppX5ypmf196y6btc73dmc5dca27wpzdcxvp
System.NullReferenceException: La référence d'objet n'est pas définie à une instance d'un objet.
   à DocBleachShell.DocBleachShell.Install() dans C:\Users\vinz\Source\Repos\DocBleachShell\DocBleachShell\DocBleachShell\DocBleachShell.cs:ligne 149
ERROR [26 Apr 15:22:51]: Unable to replace class: AppX6c605xvfrk5120ngbx2sesm52jb2kx0g
System.NullReferenceException: La référence d'objet n'est pas définie à une instance d'un objet.
   à DocBleachShell.DocBleachShell.Install() dans C:\Users\vinz\Source\Repos\DocBleachShell\DocBleachShell\DocBleachShell\DocBleachShell.cs:ligne 149
ERROR [26 Apr 15:22:51]: Unable to replace class: AppX6eg8h5sxqq90pv53845wmnbewywdqq5h
System.NullReferenceException: La référence d'objet n'est pas définie à une instance d'un objet.
   à DocBleachShell.DocBleachShell.Install() dans C:\Users\vinz\Source\Repos\DocBleachShell\DocBleachShell\DocBleachShell\DocBleachShell.cs:ligne 149
ERROR [26 Apr 15:22:51]: Unable to replace class: AppX6w6n4f8xch1s3vzwf3af6bfe88qhxbza
System.NullReferenceException: La référence d'objet n'est pas définie à une instance d'un objet.
   à DocBleachShell.DocBleachShell.Install() dans C:\Users\vinz\Source\Repos\DocBleachShell\DocBleachShell\DocBleachShell\DocBleachShell.cs:ligne 149
ERROR [26 Apr 15:22:51]: Unable to replace class: AppX71w4d4qs84ttzstdjbmsvndfjyq5f817
System.NullReferenceException: La référence d'objet n'est pas définie à une instance d'un objet.
   à DocBleachShell.DocBleachShell.Install() dans C:\Users\vinz\Source\Repos\DocBleachShell\DocBleachShell\DocBleachShell\DocBleachShell.cs:ligne 149
ERROR [26 Apr 15:22:51]: Unable to replace class: AppX75hv419pxntyfy097q7qcyaz5mjms4dy
System.NullReferenceException: La référence d'objet n'est pas définie à une instance d'un objet.
   à DocBleachShell.DocBleachShell.Install() dans C:\Users\vinz\Source\Repos\DocBleachShell\DocBleachShell\DocBleachShell\DocBleachShell.cs:ligne 149
ERROR [26 Apr 15:22:51]: Unable to replace class: AppX76e4rtb3ksqv6ckkxghxarhtpngkycy3
System.NullReferenceException: La référence d'objet n'est pas définie à une instance d'un objet.
   à DocBleachShell.DocBleachShell.Install() dans C:\Users\vinz\Source\Repos\DocBleachShell\DocBleachShell\DocBleachShell\DocBleachShell.cs:ligne 149
ERROR [26 Apr 15:22:51]: Unable to replace class: AppX77ghgzrbzwe6djbdyty6hp5e3z1qryqx
System.NullReferenceException: La référence d'objet n'est pas définie à une instance d'un objet.
   à DocBleachShell.DocBleachShell.Install() dans C:\Users\vinz\Source\Repos\DocBleachShell\DocBleachShell\DocBleachShell\DocBleachShell.cs:ligne 149
ERROR [26 Apr 15:22:51]: Unable to replace class: AppX7h8j4eje738p34npjy1ha11z3vx14304
System.NullReferenceException: La référence d'objet n'est pas définie à une instance d'un objet.
   à DocBleachShell.DocBleachShell.Install() dans C:\Users\vinz\Source\Repos\DocBleachShell\DocBleachShell\DocBleachShell\DocBleachShell.cs:ligne 149
ERROR [26 Apr 15:22:51]: Unable to replace class: AppX7nv11hc795928dfdxbjgrnt50tez0eh7
System.NullReferenceException: La référence d'objet n'est pas définie à une instance d'un objet.
   à DocBleachShell.DocBleachShell.Install() dans C:\Users\vinz\Source\Repos\DocBleachShell\DocBleachShell\DocBleachShell\DocBleachShell.cs:ligne 149
ERROR [26 Apr 15:22:51]: Unable to replace class: AppX7r3xrfamg28sekhpscvqwcf06xbbr14w
System.NullReferenceException: La référence d'objet n'est pas définie à une instance d'un objet.
   à DocBleachShell.DocBleachShell.Install() dans C:\Users\vinz\Source\Repos\DocBleachShell\DocBleachShell\DocBleachShell\DocBleachShell.cs:ligne 149
ERROR [26 Apr 15:22:51]: Unable to replace class: AppX7rm9drdg8sk7vqndwj3sdjw11x96jc0y
System.NullReferenceException: La référence d'objet n'est pas définie à une instance d'un objet.
   à DocBleachShell.DocBleachShell.Install() dans C:\Users\vinz\Source\Repos\DocBleachShell\DocBleachShell\DocBleachShell\DocBleachShell.cs:ligne 149
ERROR [26 Apr 15:22:51]: Unable to replace class: AppX82a6gwre4fdg3bt635tn5ctqjf8msdd2
System.NullReferenceException: La référence d'objet n'est pas définie à une instance d'un objet.
   à DocBleachShell.DocBleachShell.Install() dans C:\Users\vinz\Source\Repos\DocBleachShell\DocBleachShell\DocBleachShell\DocBleachShell.cs:ligne 149
ERROR [26 Apr 15:22:51]: Unable to replace class: AppX9kvz3rdv8t7twanaezbwfcdgrbg3bck0
System.NullReferenceException: La référence d'objet n'est pas définie à une instance d'un objet.
   à DocBleachShell.DocBleachShell.Install() dans C:\Users\vinz\Source\Repos\DocBleachShell\DocBleachShell\DocBleachShell\DocBleachShell.cs:ligne 149
ERROR [26 Apr 15:22:51]: Unable to replace class: AppX9rkaq77s0jzh1tyccadx9ghba15r6t3h
System.NullReferenceException: La référence d'objet n'est pas définie à une instance d'un objet.
   à DocBleachShell.DocBleachShell.Install() dans C:\Users\vinz\Source\Repos\DocBleachShell\DocBleachShell\DocBleachShell\DocBleachShell.cs:ligne 149
ERROR [26 Apr 15:22:51]: Unable to replace class: AppXa5q0sm6rab4bbk8faqwhapj4mvw0n9ek
System.NullReferenceException: La référence d'objet n'est pas définie à une instance d'un objet.
   à DocBleachShell.DocBleachShell.Install() dans C:\Users\vinz\Source\Repos\DocBleachShell\DocBleachShell\DocBleachShell\DocBleachShell.cs:ligne 149
ERROR [26 Apr 15:22:51]: Unable to replace class: AppXaf0097ws4bwb0wre67gmp7pc9fjr8en6
System.NullReferenceException: La référence d'objet n'est pas définie à une instance d'un objet.
   à DocBleachShell.DocBleachShell.Install() dans C:\Users\vinz\Source\Repos\DocBleachShell\DocBleachShell\DocBleachShell\DocBleachShell.cs:ligne 149
ERROR [26 Apr 15:22:51]: Unable to replace class: AppXak1hygz1tpjjnxhr1pwtcgnkpr24r5e7
System.NullReferenceException: La référence d'objet n'est pas définie à une instance d'un objet.
   à DocBleachShell.DocBleachShell.Install() dans C:\Users\vinz\Source\Repos\DocBleachShell\DocBleachShell\DocBleachShell\DocBleachShell.cs:ligne 149
ERROR [26 Apr 15:22:51]: Unable to replace class: AppXat1wr3368r1jzgz9zz8eyg83sq5k2xwj
System.NullReferenceException: La référence d'objet n'est pas définie à une instance d'un objet.
   à DocBleachShell.DocBleachShell.Install() dans C:\Users\vinz\Source\Repos\DocBleachShell\DocBleachShell\DocBleachShell\DocBleachShell.cs:ligne 149
ERROR [26 Apr 15:22:51]: Unable to replace class: AppXb6t8194632yvzp2fm989q0bfn7x48r84
System.NullReferenceException: La référence d'objet n'est pas définie à une instance d'un objet.
   à DocBleachShell.DocBleachShell.Install() dans C:\Users\vinz\Source\Repos\DocBleachShell\DocBleachShell\DocBleachShell\DocBleachShell.cs:ligne 149
ERROR [26 Apr 15:22:51]: Unable to replace class: AppXcb6e5re383zqpgggd2grt6vrv627a4wt
System.NullReferenceException: La référence d'objet n'est pas définie à une instance d'un objet.
   à DocBleachShell.DocBleachShell.Install() dans C:\Users\vinz\Source\Repos\DocBleachShell\DocBleachShell\DocBleachShell\DocBleachShell.cs:ligne 149
ERROR [26 Apr 15:22:52]: Unable to replace class: AppXcc58vyzkbjbs4ky0mxrmxf8278rk9b3t
System.NullReferenceException: La référence d'objet n'est pas définie à une instance d'un objet.
   à DocBleachShell.DocBleachShell.Install() dans C:\Users\vinz\Source\Repos\DocBleachShell\DocBleachShell\DocBleachShell\DocBleachShell.cs:ligne 149
ERROR [26 Apr 15:22:52]: Unable to replace class: AppXccpekwrpdkss2yb4kh2bd3bxgfwzxxc3
System.NullReferenceException: La référence d'objet n'est pas définie à une instance d'un objet.
   à DocBleachShell.DocBleachShell.Install() dans C:\Users\vinz\Source\Repos\DocBleachShell\DocBleachShell\DocBleachShell\DocBleachShell.cs:ligne 149
ERROR [26 Apr 15:22:52]: Unable to replace class: AppXcr7ve1e6y7nx8n3y5qv7m7s9kzz18jx5
System.NullReferenceException: La référence d'objet n'est pas définie à une instance d'un objet.
   à DocBleachShell.DocBleachShell.Install() dans C:\Users\vinz\Source\Repos\DocBleachShell\DocBleachShell\DocBleachShell\DocBleachShell.cs:ligne 149
ERROR [26 Apr 15:22:52]: Unable to replace class: AppXcteezr386a5j8tq239f277twe3pncbr7
System.NullReferenceException: La référence d'objet n'est pas définie à une instance d'un objet.
   à DocBleachShell.DocBleachShell.Install() dans C:\Users\vinz\Source\Repos\DocBleachShell\DocBleachShell\DocBleachShell\DocBleachShell.cs:ligne 149
ERROR [26 Apr 15:22:52]: Unable to replace class: AppXd4nrz8ff68srnhf9t5a8sbjyar1cr723
System.NullReferenceException: La référence d'objet n'est pas définie à une instance d'un objet.
   à DocBleachShell.DocBleachShell.Install() dans C:\Users\vinz\Source\Repos\DocBleachShell\DocBleachShell\DocBleachShell\DocBleachShell.cs:ligne 149
ERROR [26 Apr 15:22:52]: Unable to replace class: AppXd7s60z7c3wkccb22a3tnkezb8314ea0y
System.NullReferenceException: La référence d'objet n'est pas définie à une instance d'un objet.
   à DocBleachShell.DocBleachShell.Install() dans C:\Users\vinz\Source\Repos\DocBleachShell\DocBleachShell\DocBleachShell\DocBleachShell.cs:ligne 149
ERROR [26 Apr 15:22:52]: Unable to replace class: AppXde74bfzw9j31bzhcvsrxsyjnhhbq66cs
System.NullReferenceException: La référence d'objet n'est pas définie à une instance d'un objet.
   à DocBleachShell.DocBleachShell.Install() dans C:\Users\vinz\Source\Repos\DocBleachShell\DocBleachShell\DocBleachShell\DocBleachShell.cs:ligne 149
ERROR [26 Apr 15:22:52]: Unable to replace class: AppXdg4j5zg5vk11bk8bqnf1evbx9vc1b8wa
System.NullReferenceException: La référence d'objet n'est pas définie à une instance d'un objet.
   à DocBleachShell.DocBleachShell.Install() dans C:\Users\vinz\Source\Repos\DocBleachShell\DocBleachShell\DocBleachShell\DocBleachShell.cs:ligne 149
ERROR [26 Apr 15:22:52]: Unable to replace class: AppXdsra7zv48s8qsz6xq2qpkypg8gfcb36h
System.NullReferenceException: La référence d'objet n'est pas définie à une instance d'un objet.
   à DocBleachShell.DocBleachShell.Install() dans C:\Users\vinz\Source\Repos\DocBleachShell\DocBleachShell\DocBleachShell\DocBleachShell.cs:ligne 149
ERROR [26 Apr 15:22:52]: Unable to replace class: AppXdyw2j75xqd0y008p4bvtxhnxp3py2t2g
System.NullReferenceException: La référence d'objet n'est pas définie à une instance d'un objet.
   à DocBleachShell.DocBleachShell.Install() dans C:\Users\vinz\Source\Repos\DocBleachShell\DocBleachShell\DocBleachShell\DocBleachShell.cs:ligne 149
ERROR [26 Apr 15:22:52]: Unable to replace class: AppXe05qdnx2p14g0mw29139zqs9s5n3wcne
System.NullReferenceException: La référence d'objet n'est pas définie à une instance d'un objet.
   à DocBleachShell.DocBleachShell.Install() dans C:\Users\vinz\Source\Repos\DocBleachShell\DocBleachShell\DocBleachShell\DocBleachShell.cs:ligne 149
ERROR [26 Apr 15:22:52]: Unable to replace class: AppXe862j7twqs4aww05211jaakwxyfjx4da
System.NullReferenceException: La référence d'objet n'est pas définie à une instance d'un objet.
   à DocBleachShell.DocBleachShell.Install() dans C:\Users\vinz\Source\Repos\DocBleachShell\DocBleachShell\DocBleachShell\DocBleachShell.cs:ligne 149
ERROR [26 Apr 15:22:52]: Unable to replace class: AppXegssybx65447k2q6prgacs1t5gzge8at
System.NullReferenceException: La référence d'objet n'est pas définie à une instance d'un objet.
   à DocBleachShell.DocBleachShell.Install() dans C:\Users\vinz\Source\Repos\DocBleachShell\DocBleachShell\DocBleachShell\DocBleachShell.cs:ligne 149
ERROR [26 Apr 15:22:52]: Unable to replace class: AppXejqz5dpvfxzdkq7rwbwmnn4gyqk3hhb9
System.NullReferenceException: La référence d'objet n'est pas définie à une instance d'un objet.
   à DocBleachShell.DocBleachShell.Install() dans C:\Users\vinz\Source\Repos\DocBleachShell\DocBleachShell\DocBleachShell\DocBleachShell.cs:ligne 149
ERROR [26 Apr 15:22:52]: Unable to replace class: AppXemz6fd9t513jgmy4x0cxxwwsh5cgav24
System.NullReferenceException: La référence d'objet n'est pas définie à une instance d'un objet.
   à DocBleachShell.DocBleachShell.Install() dans C:\Users\vinz\Source\Repos\DocBleachShell\DocBleachShell\DocBleachShell\DocBleachShell.cs:ligne 149
ERROR [26 Apr 15:22:52]: Unable to replace class: AppXfg42qmzen7jzgdx65t8he0v550nb5z4a
System.NullReferenceException: La référence d'objet n'est pas définie à une instance d'un objet.
   à DocBleachShell.DocBleachShell.Install() dans C:\Users\vinz\Source\Repos\DocBleachShell\DocBleachShell\DocBleachShell\DocBleachShell.cs:ligne 149
ERROR [26 Apr 15:22:52]: Unable to replace class: AppXfny4vr2n05trfsz6dteg7z2b9mwe6z1s
System.NullReferenceException: La référence d'objet n'est pas définie à une instance d'un objet.
   à DocBleachShell.DocBleachShell.Install() dans C:\Users\vinz\Source\Repos\DocBleachShell\DocBleachShell\DocBleachShell\DocBleachShell.cs:ligne 149
ERROR [26 Apr 15:22:52]: Unable to replace class: AppXfp6kkvw8823ptbxvr2be691hzfyrsazt
System.NullReferenceException: La référence d'objet n'est pas définie à une instance d'un objet.
   à DocBleachShell.DocBleachShell.Install() dans C:\Users\vinz\Source\Repos\DocBleachShell\DocBleachShell\DocBleachShell\DocBleachShell.cs:ligne 149
ERROR [26 Apr 15:22:52]: Unable to replace class: AppXfrsfa4b1hp9yddxrgkq7pntq3g1dezmr
System.NullReferenceException: La référence d'objet n'est pas définie à une instance d'un objet.
   à DocBleachShell.DocBleachShell.Install() dans C:\Users\vinz\Source\Repos\DocBleachShell\DocBleachShell\DocBleachShell\DocBleachShell.cs:ligne 149
ERROR [26 Apr 15:22:52]: Unable to replace class: AppXg077nppxnm989r5305zae9857t8ga3q4
System.NullReferenceException: La référence d'objet n'est pas définie à une instance d'un objet.
   à DocBleachShell.DocBleachShell.Install() dans C:\Users\vinz\Source\Repos\DocBleachShell\DocBleachShell\DocBleachShell\DocBleachShell.cs:ligne 149
ERROR [26 Apr 15:22:52]: Unable to replace class: AppXg29ws28ch5kngtktaxnpaj1njr3af9nr
System.NullReferenceException: La référence d'objet n'est pas définie à une instance d'un objet.
   à DocBleachShell.DocBleachShell.Install() dans C:\Users\vinz\Source\Repos\DocBleachShell\DocBleachShell\DocBleachShell\DocBleachShell.cs:ligne 149
ERROR [26 Apr 15:22:52]: Unable to replace class: AppXgh58fga9pepdwv8pz6yyr5zjevne6g2j
System.NullReferenceException: La référence d'objet n'est pas définie à une instance d'un objet.
   à DocBleachShell.DocBleachShell.Install() dans C:\Users\vinz\Source\Repos\DocBleachShell\DocBleachShell\DocBleachShell\DocBleachShell.cs:ligne 149
ERROR [26 Apr 15:22:52]: Unable to replace class: AppXgtz62cfp9761w8h33sbaykyt1vkbm4vj
System.NullReferenceException: La référence d'objet n'est pas définie à une instance d'un objet.
   à DocBleachShell.DocBleachShell.Install() dans C:\Users\vinz\Source\Repos\DocBleachShell\DocBleachShell\DocBleachShell\DocBleachShell.cs:ligne 149
ERROR [26 Apr 15:22:52]: Unable to replace class: AppXh7z4cjstraby0gttk2vc6tvmhn0n2rwk
System.NullReferenceException: La référence d'objet n'est pas définie à une instance d'un objet.
   à DocBleachShell.DocBleachShell.Install() dans C:\Users\vinz\Source\Repos\DocBleachShell\DocBleachShell\DocBleachShell\DocBleachShell.cs:ligne 149
ERROR [26 Apr 15:22:52]: Unable to replace class: AppXhd1p7pgjmx302sqmnbfw6z7cebmgwh4e
System.NullReferenceException: La référence d'objet n'est pas définie à une instance d'un objet.
   à DocBleachShell.DocBleachShell.Install() dans C:\Users\vinz\Source\Repos\DocBleachShell\DocBleachShell\DocBleachShell\DocBleachShell.cs:ligne 149
ERROR [26 Apr 15:22:52]: Unable to replace class: AppXjd28py64dragamwtp05hskrh2embqw5d
System.NullReferenceException: La référence d'objet n'est pas définie à une instance d'un objet.
   à DocBleachShell.DocBleachShell.Install() dans C:\Users\vinz\Source\Repos\DocBleachShell\DocBleachShell\DocBleachShell\DocBleachShell.cs:ligne 149
ERROR [26 Apr 15:22:52]: Unable to replace class: AppXjmgntwab0zvv6ga5dkkwc34b7s4r55e9
System.NullReferenceException: La référence d'objet n'est pas définie à une instance d'un objet.
   à DocBleachShell.DocBleachShell.Install() dans C:\Users\vinz\Source\Repos\DocBleachShell\DocBleachShell\DocBleachShell\DocBleachShell.cs:ligne 149
ERROR [26 Apr 15:22:52]: Unable to replace class: AppXk0g4vb8gvt7b93tg50ybcy892pge6jmt
System.NullReferenceException: La référence d'objet n'est pas définie à une instance d'un objet.
   à DocBleachShell.DocBleachShell.Install() dans C:\Users\vinz\Source\Repos\DocBleachShell\DocBleachShell\DocBleachShell\DocBleachShell.cs:ligne 149
ERROR [26 Apr 15:22:52]: Unable to replace class: AppXkbszmxkvabx5pg0jh46ttxc3ynta67ez
System.NullReferenceException: La référence d'objet n'est pas définie à une instance d'un objet.
   à DocBleachShell.DocBleachShell.Install() dans C:\Users\vinz\Source\Repos\DocBleachShell\DocBleachShell\DocBleachShell\DocBleachShell.cs:ligne 149
ERROR [26 Apr 15:22:52]: Unable to replace class: AppXkn1qcbm5sq3zpckpgc0sr39rbdbentq3
System.NullReferenceException: La référence d'objet n'est pas définie à une instance d'un objet.
   à DocBleachShell.DocBleachShell.Install() dans C:\Users\vinz\Source\Repos\DocBleachShell\DocBleachShell\DocBleachShell\DocBleachShell.cs:ligne 149
ERROR [26 Apr 15:22:52]: Unable to replace class: AppXmsn4b8g3aj0yg1vtmjnk88xkd1j3vacj
System.NullReferenceException: La référence d'objet n'est pas définie à une instance d'un objet.
   à DocBleachShell.DocBleachShell.Install() dans C:\Users\vinz\Source\Repos\DocBleachShell\DocBleachShell\DocBleachShell\DocBleachShell.cs:ligne 149
ERROR [26 Apr 15:22:52]: Unable to replace class: AppXmtgj2n8wv649vnqpq971z2aksbkv2e3k
System.NullReferenceException: La référence d'objet n'est pas définie à une instance d'un objet.
   à DocBleachShell.DocBleachShell.Install() dans C:\Users\vinz\Source\Repos\DocBleachShell\DocBleachShell\DocBleachShell\DocBleachShell.cs:ligne 149
ERROR [26 Apr 15:22:52]: Unable to replace class: AppXmv8c55hx9xw8513ww9pqq0d4jn4n3w4e
System.NullReferenceException: La référence d'objet n'est pas définie à une instance d'un objet.
   à DocBleachShell.DocBleachShell.Install() dans C:\Users\vinz\Source\Repos\DocBleachShell\DocBleachShell\DocBleachShell\DocBleachShell.cs:ligne 149
ERROR [26 Apr 15:22:52]: Unable to replace class: AppXmv9vjzaeg21cc3hba9zs3k9vcdp3c6jm
System.NullReferenceException: La référence d'objet n'est pas définie à une instance d'un objet.
   à DocBleachShell.DocBleachShell.Install() dans C:\Users\vinz\Source\Repos\DocBleachShell\DocBleachShell\DocBleachShell\DocBleachShell.cs:ligne 149
ERROR [26 Apr 15:22:52]: Unable to replace class: AppXmy2y2pf8vtfbdrapfcqn5ckmv6hm63c5
System.NullReferenceException: La référence d'objet n'est pas définie à une instance d'un objet.
   à DocBleachShell.DocBleachShell.Install() dans C:\Users\vinz\Source\Repos\DocBleachShell\DocBleachShell\DocBleachShell\DocBleachShell.cs:ligne 149
ERROR [26 Apr 15:22:52]: Unable to replace class: AppXn1qcc5y1jyvt7t9f109z9cj77523ejg1
System.NullReferenceException: La référence d'objet n'est pas définie à une instance d'un objet.
   à DocBleachShell.DocBleachShell.Install() dans C:\Users\vinz\Source\Repos\DocBleachShell\DocBleachShell\DocBleachShell\DocBleachShell.cs:ligne 149
ERROR [26 Apr 15:22:52]: Unable to replace class: AppXn1yenw6thm9ee5h2dxkbg0120tnaa102
System.NullReferenceException: La référence d'objet n'est pas définie à une instance d'un objet.
   à DocBleachShell.DocBleachShell.Install() dans C:\Users\vinz\Source\Repos\DocBleachShell\DocBleachShell\DocBleachShell\DocBleachShell.cs:ligne 149
ERROR [26 Apr 15:22:52]: Unable to replace class: AppXn8vagw663cz9m3j0rmkddxpbq9x0716k
System.NullReferenceException: La référence d'objet n'est pas définie à une instance d'un objet.
   à DocBleachShell.DocBleachShell.Install() dans C:\Users\vinz\Source\Repos\DocBleachShell\DocBleachShell\DocBleachShell\DocBleachShell.cs:ligne 149
ERROR [26 Apr 15:22:52]: Unable to replace class: AppXnnqhxnqg1rbs3ydfcgnhk3djtrpa49g7
System.NullReferenceException: La référence d'objet n'est pas définie à une instance d'un objet.
   à DocBleachShell.DocBleachShell.Install() dans C:\Users\vinz\Source\Repos\DocBleachShell\DocBleachShell\DocBleachShell\DocBleachShell.cs:ligne 149
ERROR [26 Apr 15:22:52]: Unable to replace class: AppXnyc2k5bh08emzskc0nfna46fysx7mqav
System.NullReferenceException: La référence d'objet n'est pas définie à une instance d'un objet.
   à DocBleachShell.DocBleachShell.Install() dans C:\Users\vinz\Source\Repos\DocBleachShell\DocBleachShell\DocBleachShell\DocBleachShell.cs:ligne 149
ERROR [26 Apr 15:22:52]: Unable to replace class: AppXnzh5v9w1s9pv2y889efv7t8bg0msmhca
System.NullReferenceException: La référence d'objet n'est pas définie à une instance d'un objet.
   à DocBleachShell.DocBleachShell.Install() dans C:\Users\vinz\Source\Repos\DocBleachShell\DocBleachShell\DocBleachShell\DocBleachShell.cs:ligne 149
ERROR [26 Apr 15:22:52]: Unable to replace class: AppXp0cyhz7yrdc140xh5gavne6r032rprd9
System.NullReferenceException: La référence d'objet n'est pas définie à une instance d'un objet.
   à DocBleachShell.DocBleachShell.Install() dans C:\Users\vinz\Source\Repos\DocBleachShell\DocBleachShell\DocBleachShell\DocBleachShell.cs:ligne 149
ERROR [26 Apr 15:22:52]: Unable to replace class: AppXp9gkwccvk6fa6yyfq3tmsk8ws2nprk1p
System.NullReferenceException: La référence d'objet n'est pas définie à une instance d'un objet.
   à DocBleachShell.DocBleachShell.Install() dans C:\Users\vinz\Source\Repos\DocBleachShell\DocBleachShell\DocBleachShell\DocBleachShell.cs:ligne 149
ERROR [26 Apr 15:22:52]: Unable to replace class: AppXpb1vntage8kvnwpyg40aqz34j851h4p1
System.NullReferenceException: La référence d'objet n'est pas définie à une instance d'un objet.
   à DocBleachShell.DocBleachShell.Install() dans C:\Users\vinz\Source\Repos\DocBleachShell\DocBleachShell\DocBleachShell\DocBleachShell.cs:ligne 149
ERROR [26 Apr 15:22:52]: Unable to replace class: AppXppqdgckcm0rkmm7y6v63w1ckey9065gr
System.NullReferenceException: La référence d'objet n'est pas définie à une instance d'un objet.
   à DocBleachShell.DocBleachShell.Install() dans C:\Users\vinz\Source\Repos\DocBleachShell\DocBleachShell\DocBleachShell\DocBleachShell.cs:ligne 149
ERROR [26 Apr 15:22:52]: Unable to replace class: AppXpwc46qrmp0f8q5ysxk6ngj8d32yk22kz
System.NullReferenceException: La référence d'objet n'est pas définie à une instance d'un objet.
   à DocBleachShell.DocBleachShell.Install() dans C:\Users\vinz\Source\Repos\DocBleachShell\DocBleachShell\DocBleachShell\DocBleachShell.cs:ligne 149
ERROR [26 Apr 15:22:52]: Unable to replace class: AppXqj98qxeaynz6dv4459ayz6bnqxbyaqcs
System.NullReferenceException: La référence d'objet n'est pas définie à une instance d'un objet.
   à DocBleachShell.DocBleachShell.Install() dans C:\Users\vinz\Source\Repos\DocBleachShell\DocBleachShell\DocBleachShell\DocBleachShell.cs:ligne 149
ERROR [26 Apr 15:22:52]: Unable to replace class: AppXqjyfmc5mk3hmghyt3yynbcb2jsdyp4fs
System.NullReferenceException: La référence d'objet n'est pas définie à une instance d'un objet.
   à DocBleachShell.DocBleachShell.Install() dans C:\Users\vinz\Source\Repos\DocBleachShell\DocBleachShell\DocBleachShell\DocBleachShell.cs:ligne 149
ERROR [26 Apr 15:22:52]: Unable to replace class: AppXrdnvvphfqvy2s8d1dfm48dca216f7wjq
System.NullReferenceException: La référence d'objet n'est pas définie à une instance d'un objet.
   à DocBleachShell.DocBleachShell.Install() dans C:\Users\vinz\Source\Repos\DocBleachShell\DocBleachShell\DocBleachShell\DocBleachShell.cs:ligne 149
ERROR [26 Apr 15:22:52]: Unable to replace class: AppXrh6feys59dqfzsv9p3s9p6aep0hwtb23
System.NullReferenceException: La référence d'objet n'est pas définie à une instance d'un objet.
   à DocBleachShell.DocBleachShell.Install() dans C:\Users\vinz\Source\Repos\DocBleachShell\DocBleachShell\DocBleachShell\DocBleachShell.cs:ligne 149
ERROR [26 Apr 15:22:52]: Unable to replace class: AppXs09qw4992zq0ct2hf7dn3csbff3cfws7
System.NullReferenceException: La référence d'objet n'est pas définie à une instance d'un objet.
   à DocBleachShell.DocBleachShell.Install() dans C:\Users\vinz\Source\Repos\DocBleachShell\DocBleachShell\DocBleachShell\DocBleachShell.cs:ligne 149
ERROR [26 Apr 15:22:52]: Unable to replace class: AppXsf0d8xs4xz53mhyq7wyajbmrskt080m7
System.NullReferenceException: La référence d'objet n'est pas définie à une instance d'un objet.
   à DocBleachShell.DocBleachShell.Install() dans C:\Users\vinz\Source\Repos\DocBleachShell\DocBleachShell\DocBleachShell\DocBleachShell.cs:ligne 149
ERROR [26 Apr 15:22:52]: Unable to replace class: AppXsgg0wwjjmjm918zvy6bkrfq4a5dxgtfh
System.NullReferenceException: La référence d'objet n'est pas définie à une instance d'un objet.
   à DocBleachShell.DocBleachShell.Install() dans C:\Users\vinz\Source\Repos\DocBleachShell\DocBleachShell\DocBleachShell\DocBleachShell.cs:ligne 149
ERROR [26 Apr 15:22:52]: Unable to replace class: AppXszr29fkzg3f7qt34d8bsjx2k03d4rn2v
System.NullReferenceException: La référence d'objet n'est pas définie à une instance d'un objet.
   à DocBleachShell.DocBleachShell.Install() dans C:\Users\vinz\Source\Repos\DocBleachShell\DocBleachShell\DocBleachShell\DocBleachShell.cs:ligne 149
ERROR [26 Apr 15:22:52]: Unable to replace class: AppXt1ap4en23zxqqwer49rv6x5545jn6zag
System.NullReferenceException: La référence d'objet n'est pas définie à une instance d'un objet.
   à DocBleachShell.DocBleachShell.Install() dans C:\Users\vinz\Source\Repos\DocBleachShell\DocBleachShell\DocBleachShell\DocBleachShell.cs:ligne 149
ERROR [26 Apr 15:22:52]: Unable to replace class: AppXtggqqtcfspt6ks3fjzyfppwc05yxwtwy
System.NullReferenceException: La référence d'objet n'est pas définie à une instance d'un objet.
   à DocBleachShell.DocBleachShell.Install() dans C:\Users\vinz\Source\Repos\DocBleachShell\DocBleachShell\DocBleachShell\DocBleachShell.cs:ligne 149
ERROR [26 Apr 15:22:52]: Unable to replace class: AppXtsmg3v4j4x76mctp0h8w9ykwqt07rr43
System.NullReferenceException: La référence d'objet n'est pas définie à une instance d'un objet.
   à DocBleachShell.DocBleachShell.Install() dans C:\Users\vinz\Source\Repos\DocBleachShell\DocBleachShell\DocBleachShell\DocBleachShell.cs:ligne 149
ERROR [26 Apr 15:22:52]: Unable to replace class: AppXv1x245yx783xv7xg1e66mzjwzc1nc5dn
System.NullReferenceException: La référence d'objet n'est pas définie à une instance d'un objet.
   à DocBleachShell.DocBleachShell.Install() dans C:\Users\vinz\Source\Repos\DocBleachShell\DocBleachShell\DocBleachShell\DocBleachShell.cs:ligne 149
ERROR [26 Apr 15:22:52]: Unable to replace class: AppXv3w8be6gretzpzjq0s27982mxr4acyac
System.NullReferenceException: La référence d'objet n'est pas définie à une instance d'un objet.
   à DocBleachShell.DocBleachShell.Install() dans C:\Users\vinz\Source\Repos\DocBleachShell\DocBleachShell\DocBleachShell\DocBleachShell.cs:ligne 149
ERROR [26 Apr 15:22:52]: Unable to replace class: AppXvhc4p7vz4b485xfp46hhk3fq3grkdgjg
System.NullReferenceException: La référence d'objet n'est pas définie à une instance d'un objet.
   à DocBleachShell.DocBleachShell.Install() dans C:\Users\vinz\Source\Repos\DocBleachShell\DocBleachShell\DocBleachShell\DocBleachShell.cs:ligne 149
ERROR [26 Apr 15:22:52]: Unable to replace class: AppXvqhb9dhb3dg0mpfydfbz4qp875kpspza
System.NullReferenceException: La référence d'objet n'est pas définie à une instance d'un objet.
   à DocBleachShell.DocBleachShell.Install() dans C:\Users\vinz\Source\Repos\DocBleachShell\DocBleachShell\DocBleachShell\DocBleachShell.cs:ligne 149
ERROR [26 Apr 15:22:52]: Unable to replace class: AppXvsddybna5mfqpzfzrh0x2nnv0v7ettv3
System.NullReferenceException: La référence d'objet n'est pas définie à une instance d'un objet.
   à DocBleachShell.DocBleachShell.Install() dans C:\Users\vinz\Source\Repos\DocBleachShell\DocBleachShell\DocBleachShell\DocBleachShell.cs:ligne 149
ERROR [26 Apr 15:22:52]: Unable to replace class: AppXvvwq6wxamf7qhxd0vn6wm1wwehyxrdd6
System.NullReferenceException: La référence d'objet n'est pas définie à une instance d'un objet.
   à DocBleachShell.DocBleachShell.Install() dans C:\Users\vinz\Source\Repos\DocBleachShell\DocBleachShell\DocBleachShell\DocBleachShell.cs:ligne 149
ERROR [26 Apr 15:22:52]: Unable to replace class: AppXvxm3ry0ns2shq0vb08dt6wk7mz90nnpw
System.NullReferenceException: La référence d'objet n'est pas définie à une instance d'un objet.
   à DocBleachShell.DocBleachShell.Install() dans C:\Users\vinz\Source\Repos\DocBleachShell\DocBleachShell\DocBleachShell\DocBleachShell.cs:ligne 149
ERROR [26 Apr 15:22:52]: Unable to replace class: AppXvzg9q08e9beqxefd7wynf5essvk7wbhb
System.NullReferenceException: La référence d'objet n'est pas définie à une instance d'un objet.
   à DocBleachShell.DocBleachShell.Install() dans C:\Users\vinz\Source\Repos\DocBleachShell\DocBleachShell\DocBleachShell\DocBleachShell.cs:ligne 149
ERROR [26 Apr 15:22:52]: Unable to replace class: AppXwz6wkg69ahg8nkyx08scegy14h9nh7kk
System.NullReferenceException: La référence d'objet n'est pas définie à une instance d'un objet.
   à DocBleachShell.DocBleachShell.Install() dans C:\Users\vinz\Source\Repos\DocBleachShell\DocBleachShell\DocBleachShell\DocBleachShell.cs:ligne 149
ERROR [26 Apr 15:22:52]: Unable to replace class: AppXx6a0med6y43gv0vn6qa7r3vdg4cg3bnv
System.NullReferenceException: La référence d'objet n'est pas définie à une instance d'un objet.
   à DocBleachShell.DocBleachShell.Install() dans C:\Users\vinz\Source\Repos\DocBleachShell\DocBleachShell\DocBleachShell\DocBleachShell.cs:ligne 149
ERROR [26 Apr 15:22:52]: Unable to replace class: AppXxd1ehghzsv8twt9b8b18jrd6q54mjz0n
System.NullReferenceException: La référence d'objet n'est pas définie à une instance d'un objet.
   à DocBleachShell.DocBleachShell.Install() dans C:\Users\vinz\Source\Repos\DocBleachShell\DocBleachShell\DocBleachShell\DocBleachShell.cs:ligne 149
ERROR [26 Apr 15:22:52]: Unable to replace class: AppXxvnbvsna403aer8rg6v5h12z8c8te2rc
System.NullReferenceException: La référence d'objet n'est pas définie à une instance d'un objet.
   à DocBleachShell.DocBleachShell.Install() dans C:\Users\vinz\Source\Repos\DocBleachShell\DocBleachShell\DocBleachShell\DocBleachShell.cs:ligne 149
ERROR [26 Apr 15:22:52]: Unable to replace class: AppXyc6q5mwa9ktwq4k8m5bwq9y097nh65kh
System.NullReferenceException: La référence d'objet n'est pas définie à une instance d'un objet.
   à DocBleachShell.DocBleachShell.Install() dans C:\Users\vinz\Source\Repos\DocBleachShell\DocBleachShell\DocBleachShell\DocBleachShell.cs:ligne 149
ERROR [26 Apr 15:22:52]: Unable to replace class: AppXydk58wgm44se4b399557yyyj1w7mbmvd
System.NullReferenceException: La référence d'objet n'est pas définie à une instance d'un objet.
   à DocBleachShell.DocBleachShell.Install() dans C:\Users\vinz\Source\Repos\DocBleachShell\DocBleachShell\DocBleachShell\DocBleachShell.cs:ligne 149
ERROR [26 Apr 15:22:52]: Unable to replace class: AppXypsaf9f1qserqevf0sws76dx4k9a5206
System.NullReferenceException: La référence d'objet n'est pas définie à une instance d'un objet.
   à DocBleachShell.DocBleachShell.Install() dans C:\Users\vinz\Source\Repos\DocBleachShell\DocBleachShell\DocBleachShell\DocBleachShell.cs:ligne 149
ERROR [26 Apr 15:22:52]: Unable to replace class: AppXysec8b9yfg52wt8wr74pqhn4jtc1xs0s
System.NullReferenceException: La référence d'objet n'est pas définie à une instance d'un objet.
   à DocBleachShell.DocBleachShell.Install() dans C:\Users\vinz\Source\Repos\DocBleachShell\DocBleachShell\DocBleachShell\DocBleachShell.cs:ligne 149
ERROR [26 Apr 15:22:52]: Unable to replace class: AppXzg0yf0f5rfahjhwtv7mee1704mh69bfc
System.NullReferenceException: La référence d'objet n'est pas définie à une instance d'un objet.
   à DocBleachShell.DocBleachShell.Install() dans C:\Users\vinz\Source\Repos\DocBleachShell\DocBleachShell\DocBleachShell\DocBleachShell.cs:ligne 149
ERROR [26 Apr 15:22:52]: Unable to replace class: AppXzg6fdzp57dpmt1dqardd3y48kkx0qb78
System.NullReferenceException: La référence d'objet n'est pas définie à une instance d'un objet.
   à DocBleachShell.DocBleachShell.Install() dans C:\Users\vinz\Source\Repos\DocBleachShell\DocBleachShell\DocBleachShell\DocBleachShell.cs:ligne 149
ERROR [26 Apr 15:22:52]: Unable to replace class: AppXzkcav2veh2cy02q914a1d3jfm7q0z1b9
System.NullReferenceException: La référence d'objet n'est pas définie à une instance d'un objet.
   à DocBleachShell.DocBleachShell.Install() dans C:\Users\vinz\Source\Repos\DocBleachShell\DocBleachShell\DocBleachShell\DocBleachShell.cs:ligne 149
ERROR [26 Apr 15:22:52]: Unable to replace class: AppXzn6aajbcrxx2qvxjawp7v0xnj1zdzdcz
System.NullReferenceException: La référence d'objet n'est pas définie à une instance d'un objet.
   à DocBleachShell.DocBleachShell.Install() dans C:\Users\vinz\Source\Repos\DocBleachShell\DocBleachShell\DocBleachShell\DocBleachShell.cs:ligne 149
DEBUG [26 Apr 15:22:52]: Try to replace: dqyfile real cmdline is c:\progra~2\micros~1\office14\excel.exe
INFO [26 Apr 15:22:52]: Successfully installed for: dqyfile
DEBUG [26 Apr 15:22:52]: Try to replace: Excel.Addin real cmdline is "c:\program files (x86)\microsoft office\office14\excel.exe" /dde
INFO [26 Apr 15:22:53]: Successfully installed for: Excel.Addin
DEBUG [26 Apr 15:22:53]: Try to replace: Excel.AddInMacroEnabled real cmdline is "c:\program files (x86)\microsoft office\office14\excel.exe" /dde
INFO [26 Apr 15:22:53]: Successfully installed for: Excel.AddInMacroEnabled
DEBUG [26 Apr 15:22:53]: Try to replace: Excel.Backup real cmdline is "c:\program files (x86)\microsoft office\office14\excel.exe" /dde
INFO [26 Apr 15:22:53]: Successfully installed for: Excel.Backup
DEBUG [26 Apr 15:22:53]: Try to replace: Excel.Chart real cmdline is c:\progra~2\micros~1\office14\excel.exe /dde
INFO [26 Apr 15:22:53]: Successfully installed for: Excel.Chart
DEBUG [26 Apr 15:22:53]: Try to replace: Excel.CSV real cmdline is "c:\program files (x86)\microsoft office\office14\excel.exe" /dde
INFO [26 Apr 15:22:54]: Successfully installed for: Excel.CSV
DEBUG [26 Apr 15:22:54]: Try to replace: Excel.Macrosheet real cmdline is "c:\program files (x86)\microsoft office\office14\excel.exe" /dde
INFO [26 Apr 15:22:54]: Successfully installed for: Excel.Macrosheet
DEBUG [26 Apr 15:22:54]: Try to replace: Excel.OpenDocumentSpreadsheet.12 real cmdline is "c:\program files (x86)\microsoft office\office14\excel.exe" /dde
INFO [26 Apr 15:22:54]: Successfully installed for: Excel.OpenDocumentSpreadsheet.12
DEBUG [26 Apr 15:22:54]: Try to replace: Excel.Sheet.12 real cmdline is "c:\program files (x86)\microsoft office\office14\excel.exe" /dde
INFO [26 Apr 15:22:55]: Successfully installed for: Excel.Sheet.12
DEBUG [26 Apr 15:22:55]: Try to replace: Excel.Sheet.8 real cmdline is "c:\program files (x86)\microsoft office\office14\excel.exe" /dde
INFO [26 Apr 15:22:55]: Successfully installed for: Excel.Sheet.8
DEBUG [26 Apr 15:22:55]: Try to replace: Excel.SheetBinaryMacroEnabled.12 real cmdline is "c:\program files (x86)\microsoft office\office14\excel.exe" /dde
INFO [26 Apr 15:22:55]: Successfully installed for: Excel.SheetBinaryMacroEnabled.12
DEBUG [26 Apr 15:22:55]: Try to replace: Excel.SheetMacroEnabled.12 real cmdline is "c:\program files (x86)\microsoft office\office14\excel.exe" /dde
INFO [26 Apr 15:22:55]: Successfully installed for: Excel.SheetMacroEnabled.12
DEBUG [26 Apr 15:22:55]: Try to replace: Excel.SLK real cmdline is "c:\program files (x86)\microsoft office\office14\excel.exe" /dde
INFO [26 Apr 15:22:56]: Successfully installed for: Excel.SLK
DEBUG [26 Apr 15:22:56]: Try to replace: Excel.Template real cmdline is "c:\program files (x86)\microsoft office\office14\excel.exe" /dde
INFO [26 Apr 15:22:56]: Successfully installed for: Excel.Template
DEBUG [26 Apr 15:22:56]: Try to replace: Excel.Template.8 real cmdline is "c:\program files (x86)\microsoft office\office14\excel.exe" /dde
INFO [26 Apr 15:22:56]: Successfully installed for: Excel.Template.8
DEBUG [26 Apr 15:22:56]: Try to replace: Excel.TemplateMacroEnabled real cmdline is "c:\program files (x86)\microsoft office\office14\excel.exe" /dde
INFO [26 Apr 15:22:56]: Successfully installed for: Excel.TemplateMacroEnabled
DEBUG [26 Apr 15:22:56]: Try to replace: Excel.Workspace real cmdline is "c:\program files (x86)\microsoft office\office14\excel.exe" /dde
INFO [26 Apr 15:22:57]: Successfully installed for: Excel.Workspace
DEBUG [26 Apr 15:22:57]: Try to replace: Excel.XLL real cmdline is "c:\program files (x86)\microsoft office\office14\excel.exe" /dde
INFO [26 Apr 15:22:57]: Successfully installed for: Excel.XLL
DEBUG [26 Apr 15:22:57]: Try to replace: Excelhtmlfile real cmdline is "c:\program files (x86)\microsoft office\office14\excel.exe"
INFO [26 Apr 15:22:57]: Successfully installed for: Excelhtmlfile
DEBUG [26 Apr 15:22:57]: Try to replace: Excelhtmltemplate real cmdline is "c:\program files (x86)\microsoft office\office14\excel.exe"
INFO [26 Apr 15:22:57]: Successfully installed for: Excelhtmltemplate
DEBUG [26 Apr 15:22:57]: Try to replace: iqyfile real cmdline is c:\progra~2\micros~1\office14\excel.exe /dde
INFO [26 Apr 15:22:58]: Successfully installed for: iqyfile
ERROR [26 Apr 15:22:58]: Unable to replace class: Launcher.AllAppsDesktopApplication
System.NullReferenceException: La référence d'objet n'est pas définie à une instance d'un objet.
   à DocBleachShell.DocBleachShell.Install() dans C:\Users\vinz\Source\Repos\DocBleachShell\DocBleachShell\DocBleachShell\DocBleachShell.cs:ligne 149
ERROR [26 Apr 15:22:58]: Unable to replace class: Launcher.Computer
System.NullReferenceException: La référence d'objet n'est pas définie à une instance d'un objet.
   à DocBleachShell.DocBleachShell.Install() dans C:\Users\vinz\Source\Repos\DocBleachShell\DocBleachShell\DocBleachShell\DocBleachShell.cs:ligne 149
ERROR [26 Apr 15:22:58]: Unable to replace class: Launcher.Desktop
System.NullReferenceException: La référence d'objet n'est pas définie à une instance d'un objet.
   à DocBleachShell.DocBleachShell.Install() dans C:\Users\vinz\Source\Repos\DocBleachShell\DocBleachShell\DocBleachShell\DocBleachShell.cs:ligne 149
ERROR [26 Apr 15:22:58]: Unable to replace class: Launcher.DesktopPackagedApplication
System.NullReferenceException: La référence d'objet n'est pas définie à une instance d'un objet.
   à DocBleachShell.DocBleachShell.Install() dans C:\Users\vinz\Source\Repos\DocBleachShell\DocBleachShell\DocBleachShell\DocBleachShell.cs:ligne 149
ERROR [26 Apr 15:22:58]: Unable to replace class: Launcher.DualModeApplication
System.NullReferenceException: La référence d'objet n'est pas définie à une instance d'un objet.
   à DocBleachShell.DocBleachShell.Install() dans C:\Users\vinz\Source\Repos\DocBleachShell\DocBleachShell\DocBleachShell\DocBleachShell.cs:ligne 149
ERROR [26 Apr 15:22:58]: Unable to replace class: Launcher.ImmersiveApplication
System.NullReferenceException: La référence d'objet n'est pas définie à une instance d'un objet.
   à DocBleachShell.DocBleachShell.Install() dans C:\Users\vinz\Source\Repos\DocBleachShell\DocBleachShell\DocBleachShell\DocBleachShell.cs:ligne 149
ERROR [26 Apr 15:22:58]: Unable to replace class: Launcher.SystemSettings
System.NullReferenceException: La référence d'objet n'est pas définie à une instance d'un objet.
   à DocBleachShell.DocBleachShell.Install() dans C:\Users\vinz\Source\Repos\DocBleachShell\DocBleachShell\DocBleachShell\DocBleachShell.cs:ligne 149
ERROR [26 Apr 15:22:58]: Unable to replace class: LocalPathSearchProvider
System.NullReferenceException: La référence d'objet n'est pas définie à une instance d'un objet.
   à DocBleachShell.DocBleachShell.Install() dans C:\Users\vinz\Source\Repos\DocBleachShell\DocBleachShell\DocBleachShell\DocBleachShell.cs:ligne 149
ERROR [26 Apr 15:22:58]: Unable to replace class: ms-retaildemo-launchbioenrollment
System.NullReferenceException: La référence d'objet n'est pas définie à une instance d'un objet.
   à DocBleachShell.DocBleachShell.Install() dans C:\Users\vinz\Source\Repos\DocBleachShell\DocBleachShell\DocBleachShell\DocBleachShell.cs:ligne 149
ERROR [26 Apr 15:22:58]: Unable to replace class: ms-retaildemo-launchstart
System.NullReferenceException: La référence d'objet n'est pas définie à une instance d'un objet.
   à DocBleachShell.DocBleachShell.Install() dans C:\Users\vinz\Source\Repos\DocBleachShell\DocBleachShell\DocBleachShell\DocBleachShell.cs:ligne 149
ERROR [26 Apr 15:22:58]: Unable to replace class: ms-settings
System.NullReferenceException: La référence d'objet n'est pas définie à une instance d'un objet.
   à DocBleachShell.DocBleachShell.Install() dans C:\Users\vinz\Source\Repos\DocBleachShell\DocBleachShell\DocBleachShell\DocBleachShell.cs:ligne 149
ERROR [26 Apr 15:22:58]: Unable to replace class: ms-settings-airplanemode
System.NullReferenceException: La référence d'objet n'est pas définie à une instance d'un objet.
   à DocBleachShell.DocBleachShell.Install() dans C:\Users\vinz\Source\Repos\DocBleachShell\DocBleachShell\DocBleachShell\DocBleachShell.cs:ligne 149
ERROR [26 Apr 15:22:58]: Unable to replace class: ms-settings-bluetooth
System.NullReferenceException: La référence d'objet n'est pas définie à une instance d'un objet.
   à DocBleachShell.DocBleachShell.Install() dans C:\Users\vinz\Source\Repos\DocBleachShell\DocBleachShell\DocBleachShell\DocBleachShell.cs:ligne 149
ERROR [26 Apr 15:22:58]: Unable to replace class: ms-settings-cellular
System.NullReferenceException: La référence d'objet n'est pas définie à une instance d'un objet.
   à DocBleachShell.DocBleachShell.Install() dans C:\Users\vinz\Source\Repos\DocBleachShell\DocBleachShell\DocBleachShell\DocBleachShell.cs:ligne 149
ERROR [26 Apr 15:22:58]: Unable to replace class: ms-settings-emailandaccounts
System.NullReferenceException: La référence d'objet n'est pas définie à une instance d'un objet.
   à DocBleachShell.DocBleachShell.Install() dans C:\Users\vinz\Source\Repos\DocBleachShell\DocBleachShell\DocBleachShell\DocBleachShell.cs:ligne 149
ERROR [26 Apr 15:22:58]: Unable to replace class: ms-settings-language
System.NullReferenceException: La référence d'objet n'est pas définie à une instance d'un objet.
   à DocBleachShell.DocBleachShell.Install() dans C:\Users\vinz\Source\Repos\DocBleachShell\DocBleachShell\DocBleachShell\DocBleachShell.cs:ligne 149
ERROR [26 Apr 15:22:58]: Unable to replace class: ms-settings-location
System.NullReferenceException: La référence d'objet n'est pas définie à une instance d'un objet.
   à DocBleachShell.DocBleachShell.Install() dans C:\Users\vinz\Source\Repos\DocBleachShell\DocBleachShell\DocBleachShell\DocBleachShell.cs:ligne 149
ERROR [26 Apr 15:22:58]: Unable to replace class: ms-settings-lock
System.NullReferenceException: La référence d'objet n'est pas définie à une instance d'un objet.
   à DocBleachShell.DocBleachShell.Install() dans C:\Users\vinz\Source\Repos\DocBleachShell\DocBleachShell\DocBleachShell\DocBleachShell.cs:ligne 149
ERROR [26 Apr 15:22:58]: Unable to replace class: ms-settings-mobilehotspot
System.NullReferenceException: La référence d'objet n'est pas définie à une instance d'un objet.
   à DocBleachShell.DocBleachShell.Install() dans C:\Users\vinz\Source\Repos\DocBleachShell\DocBleachShell\DocBleachShell\DocBleachShell.cs:ligne 149
ERROR [26 Apr 15:22:58]: Unable to replace class: ms-settings-notifications
System.NullReferenceException: La référence d'objet n'est pas définie à une instance d'un objet.
   à DocBleachShell.DocBleachShell.Install() dans C:\Users\vinz\Source\Repos\DocBleachShell\DocBleachShell\DocBleachShell\DocBleachShell.cs:ligne 149
ERROR [26 Apr 15:22:58]: Unable to replace class: ms-settings-power
System.NullReferenceException: La référence d'objet n'est pas définie à une instance d'un objet.
   à DocBleachShell.DocBleachShell.Install() dans C:\Users\vinz\Source\Repos\DocBleachShell\DocBleachShell\DocBleachShell\DocBleachShell.cs:ligne 149
ERROR [26 Apr 15:22:58]: Unable to replace class: ms-settings-privacy
System.NullReferenceException: La référence d'objet n'est pas définie à une instance d'un objet.
   à DocBleachShell.DocBleachShell.Install() dans C:\Users\vinz\Source\Repos\DocBleachShell\DocBleachShell\DocBleachShell\DocBleachShell.cs:ligne 149
ERROR [26 Apr 15:22:58]: Unable to replace class: ms-settings-proximity
System.NullReferenceException: La référence d'objet n'est pas définie à une instance d'un objet.
   à DocBleachShell.DocBleachShell.Install() dans C:\Users\vinz\Source\Repos\DocBleachShell\DocBleachShell\DocBleachShell\DocBleachShell.cs:ligne 149
ERROR [26 Apr 15:22:58]: Unable to replace class: ms-settings-screenrotation
System.NullReferenceException: La référence d'objet n'est pas définie à une instance d'un objet.
   à DocBleachShell.DocBleachShell.Install() dans C:\Users\vinz\Source\Repos\DocBleachShell\DocBleachShell\DocBleachShell\DocBleachShell.cs:ligne 149
ERROR [26 Apr 15:22:58]: Unable to replace class: ms-settings-wifi
System.NullReferenceException: La référence d'objet n'est pas définie à une instance d'un objet.
   à DocBleachShell.DocBleachShell.Install() dans C:\Users\vinz\Source\Repos\DocBleachShell\DocBleachShell\DocBleachShell\DocBleachShell.cs:ligne 149
ERROR [26 Apr 15:22:58]: Unable to replace class: ms-settings-workplace
System.NullReferenceException: La référence d'objet n'est pas définie à une instance d'un objet.
   à DocBleachShell.DocBleachShell.Install() dans C:\Users\vinz\Source\Repos\DocBleachShell\DocBleachShell\DocBleachShell\DocBleachShell.cs:ligne 149
ERROR [26 Apr 15:22:58]: Unable to replace class: ms-windows-search
System.NullReferenceException: La référence d'objet n'est pas définie à une instance d'un objet.
   à DocBleachShell.DocBleachShell.Install() dans C:\Users\vinz\Source\Repos\DocBleachShell\DocBleachShell\DocBleachShell\DocBleachShell.cs:ligne 149
DEBUG [26 Apr 15:22:58]: Try to replace: OfficeTheme.12 real cmdline is "c:\program files (x86)\microsoft office\office14\powerpnt.exe" "%1"
INFO [26 Apr 15:22:58]: Successfully installed for: OfficeTheme.12
DEBUG [26 Apr 15:22:58]: Try to replace: PowerPoint.Addin.12 real cmdline is "c:\program files (x86)\microsoft office\office14\powerpnt.exe" "%1"
INFO [26 Apr 15:23:00]: Successfully installed for: PowerPoint.Addin.12
DEBUG [26 Apr 15:23:00]: Try to replace: PowerPoint.Addin.8 real cmdline is "c:\program files (x86)\microsoft office\office14\powerpnt.exe" "%1"
INFO [26 Apr 15:23:01]: Successfully installed for: PowerPoint.Addin.8
DEBUG [26 Apr 15:23:01]: Try to replace: PowerPoint.OpenDocumentPresentation.12 real cmdline is "c:\program files (x86)\microsoft office\office14\powerpnt.exe" "%1"
INFO [26 Apr 15:23:02]: Successfully installed for: PowerPoint.OpenDocumentPresentation.12
DEBUG [26 Apr 15:23:02]: Try to replace: PowerPoint.Show.12 real cmdline is "c:\program files (x86)\microsoft office\office14\powerpnt.exe" "%1"
INFO [26 Apr 15:23:02]: Successfully installed for: PowerPoint.Show.12
DEBUG [26 Apr 15:23:02]: Try to replace: PowerPoint.Show.4 real cmdline is c:\progra~2\micros~1\office14\powerpnt.exe "%1"
INFO [26 Apr 15:23:02]: Successfully installed for: PowerPoint.Show.4
DEBUG [26 Apr 15:23:02]: Try to replace: PowerPoint.Show.7 real cmdline is c:\progra~2\micros~1\office14\powerpnt.exe "%1"
INFO [26 Apr 15:23:03]: Successfully installed for: PowerPoint.Show.7
DEBUG [26 Apr 15:23:03]: Try to replace: PowerPoint.Show.8 real cmdline is "c:\program files (x86)\microsoft office\office14\powerpnt.exe" "%1"
INFO [26 Apr 15:23:03]: Successfully installed for: PowerPoint.Show.8
DEBUG [26 Apr 15:23:03]: Try to replace: PowerPoint.ShowMacroEnabled.12 real cmdline is "c:\program files (x86)\microsoft office\office14\powerpnt.exe" "%1"
INFO [26 Apr 15:23:03]: Successfully installed for: PowerPoint.ShowMacroEnabled.12
DEBUG [26 Apr 15:23:03]: Try to replace: PowerPoint.Slide.12 real cmdline is c:\progra~2\micros~1\office14\powerpnt.exe "%1"
INFO [26 Apr 15:23:03]: Successfully installed for: PowerPoint.Slide.12
DEBUG [26 Apr 15:23:03]: Try to replace: PowerPoint.Slide.4 real cmdline is c:\progra~2\micros~1\office14\powerpnt.exe "%1"
INFO [26 Apr 15:23:04]: Successfully installed for: PowerPoint.Slide.4
DEBUG [26 Apr 15:23:04]: Try to replace: PowerPoint.Slide.7 real cmdline is c:\progra~2\micros~1\office14\powerpnt.exe "%1"
INFO [26 Apr 15:23:04]: Successfully installed for: PowerPoint.Slide.7
DEBUG [26 Apr 15:23:04]: Try to replace: PowerPoint.Slide.8 real cmdline is c:\progra~2\micros~1\office14\powerpnt.exe "%1"
INFO [26 Apr 15:23:05]: Successfully installed for: PowerPoint.Slide.8
DEBUG [26 Apr 15:23:05]: Try to replace: PowerPoint.SlideMacroEnabled.12 real cmdline is c:\progra~2\micros~1\office14\powerpnt.exe "%1"
INFO [26 Apr 15:23:05]: Successfully installed for: PowerPoint.SlideMacroEnabled.12
DEBUG [26 Apr 15:23:05]: Try to replace: PowerPoint.SlideShow.12 real cmdline is "c:\program files (x86)\microsoft office\office14\powerpnt.exe" /s "%1"
INFO [26 Apr 15:23:05]: Successfully installed for: PowerPoint.SlideShow.12
DEBUG [26 Apr 15:23:05]: Try to replace: PowerPoint.SlideShow.8 real cmdline is "c:\program files (x86)\microsoft office\office14\powerpnt.exe" /s "%1"
INFO [26 Apr 15:23:05]: Successfully installed for: PowerPoint.SlideShow.8
DEBUG [26 Apr 15:23:05]: Try to replace: PowerPoint.SlideShowMacroEnabled.12 real cmdline is "c:\program files (x86)\microsoft office\office14\powerpnt.exe" /s "%1"
INFO [26 Apr 15:23:05]: Successfully installed for: PowerPoint.SlideShowMacroEnabled.12
DEBUG [26 Apr 15:23:05]: Try to replace: PowerPoint.Template.12 real cmdline is "c:\program files (x86)\microsoft office\office14\powerpnt.exe" "%1"
INFO [26 Apr 15:23:06]: Successfully installed for: PowerPoint.Template.12
DEBUG [26 Apr 15:23:06]: Try to replace: PowerPoint.Template.8 real cmdline is "c:\program files (x86)\microsoft office\office14\powerpnt.exe" "%1"
INFO [26 Apr 15:23:06]: Successfully installed for: PowerPoint.Template.8
DEBUG [26 Apr 15:23:06]: Try to replace: PowerPoint.TemplateMacroEnabled.12 real cmdline is "c:\program files (x86)\microsoft office\office14\powerpnt.exe" "%1"
INFO [26 Apr 15:23:06]: Successfully installed for: PowerPoint.TemplateMacroEnabled.12
DEBUG [26 Apr 15:23:06]: Try to replace: PowerPoint.Wizard.8 real cmdline is "c:\program files (x86)\microsoft office\office14\powerpnt.exe" "%1"
INFO [26 Apr 15:23:07]: Successfully installed for: PowerPoint.Wizard.8
DEBUG [26 Apr 15:23:07]: Try to replace: powerpointhtmlfile real cmdline is "c:\program files (x86)\microsoft office\office14\powerpnt.exe"
INFO [26 Apr 15:23:07]: Successfully installed for: powerpointhtmlfile
DEBUG [26 Apr 15:23:07]: Try to replace: powerpointhtmltemplate real cmdline is "c:\program files (x86)\microsoft office\office14\powerpnt.exe"
INFO [26 Apr 15:23:07]: Successfully installed for: powerpointhtmltemplate
DEBUG [26 Apr 15:23:07]: Try to replace: powerpointxmlfile real cmdline is "c:\program files (x86)\microsoft office\office14\powerpnt.exe"
INFO [26 Apr 15:23:07]: Successfully installed for: powerpointxmlfile
ERROR [26 Apr 15:23:07]: Unable to replace class: SettingContent
System.NullReferenceException: La référence d'objet n'est pas définie à une instance d'un objet.
   à DocBleachShell.DocBleachShell.Install() dans C:\Users\vinz\Source\Repos\DocBleachShell\DocBleachShell\DocBleachShell\DocBleachShell.cs:ligne 149
ERROR [26 Apr 15:23:07]: Unable to replace class: tbauth
System.NullReferenceException: La référence d'objet n'est pas définie à une instance d'un objet.
   à DocBleachShell.DocBleachShell.Install() dans C:\Users\vinz\Source\Repos\DocBleachShell\DocBleachShell\DocBleachShell\DocBleachShell.cs:ligne 149
ERROR [26 Apr 15:23:07]: Unable to replace class: Windows.PackagedApplicationCommand
System.NullReferenceException: La référence d'objet n'est pas définie à une instance d'un objet.
   à DocBleachShell.DocBleachShell.Install() dans C:\Users\vinz\Source\Repos\DocBleachShell\DocBleachShell\DocBleachShell\DocBleachShell.cs:ligne 149
ERROR [26 Apr 15:23:07]: Unable to replace class: windows.tbauth
System.NullReferenceException: La référence d'objet n'est pas définie à une instance d'un objet.
   à DocBleachShell.DocBleachShell.Install() dans C:\Users\vinz\Source\Repos\DocBleachShell\DocBleachShell\DocBleachShell\DocBleachShell.cs:ligne 149
DEBUG [26 Apr 15:23:07]: Try to replace: Word.Backup.8 real cmdline is "c:\program files (x86)\microsoft office\office14\winword.exe" /n "%1"
INFO [26 Apr 15:23:07]: Successfully installed for: Word.Backup.8
DEBUG [26 Apr 15:23:07]: Try to replace: Word.Document.12 real cmdline is "c:\program files (x86)\microsoft office\office14\winword.exe" /n "%1"
INFO [26 Apr 15:23:08]: Successfully installed for: Word.Document.12
DEBUG [26 Apr 15:23:08]: Try to replace: Word.Document.8 real cmdline is "c:\program files (x86)\microsoft office\office14\winword.exe" /n "%1"
INFO [26 Apr 15:23:08]: Successfully installed for: Word.Document.8
DEBUG [26 Apr 15:23:08]: Try to replace: Word.DocumentMacroEnabled.12 real cmdline is "c:\program files (x86)\microsoft office\office14\winword.exe" /n "%1"
INFO [26 Apr 15:23:08]: Successfully installed for: Word.DocumentMacroEnabled.12
DEBUG [26 Apr 15:23:08]: Try to replace: Word.OpenDocumentText.12 real cmdline is "c:\program files (x86)\microsoft office\office14\winword.exe" /n "%1"
INFO [26 Apr 15:23:09]: Successfully installed for: Word.OpenDocumentText.12
DEBUG [26 Apr 15:23:09]: Try to replace: Word.RTF.8 real cmdline is "c:\program files (x86)\microsoft office\office14\winword.exe" /n "%1"
INFO [26 Apr 15:23:09]: Successfully installed for: Word.RTF.8
DEBUG [26 Apr 15:23:09]: Try to replace: Word.Template.12 real cmdline is "c:\program files (x86)\microsoft office\office14\winword.exe" /n "%1"
INFO [26 Apr 15:23:09]: Successfully installed for: Word.Template.12
DEBUG [26 Apr 15:23:09]: Try to replace: Word.Template.8 real cmdline is "c:\program files (x86)\microsoft office\office14\winword.exe" /n "%1"
INFO [26 Apr 15:23:10]: Successfully installed for: Word.Template.8
DEBUG [26 Apr 15:23:10]: Try to replace: Word.TemplateMacroEnabled.12 real cmdline is "c:\program files (x86)\microsoft office\office14\winword.exe" /n "%1"
INFO [26 Apr 15:23:10]: Successfully installed for: Word.TemplateMacroEnabled.12
DEBUG [26 Apr 15:23:10]: Try to replace: wordhtmlfile real cmdline is "c:\program files (x86)\microsoft office\office14\winword.exe"
INFO [26 Apr 15:23:10]: Successfully installed for: wordhtmlfile
DEBUG [26 Apr 15:23:10]: Try to replace: wordhtmltemplate real cmdline is "c:\program files (x86)\microsoft office\office14\winword.exe"
INFO [26 Apr 15:23:10]: Successfully installed for: wordhtmltemplate
DEBUG [26 Apr 15:28:51]: Try to bleach: C:\Users\vinz\Desktop\Test-malware-doc\7309551756812.doc
DEBUG [26 Apr 15:28:52]: DocBleach output: plugins directory does not exist
INFO Found Macros, removing them.
WARN Sanitized file has been saved, 2 potential threat(s) removed.

DEBUG [26 Apr 15:28:52]: Doc not sent to cloud : no API key configured
DEBUG [26 Apr 15:28:52]: Successfully bleached: C:\Users\vinz\Desktop\Test-malware-doc\7309551756812.doc
